<?xml version="1.0" encoding="UTF-8"?>
<testsuite name="Firefox_180_Mac_OS.Foo bar spec" errors="0" failures="0" tests="1" time="0.0010">
<testcase classname="Firefox_180_Mac_OS.Foo bar spec" name="should return Foo Bar" time="0.0010"/>
</testsuite>
